2014-09-01 13:31:30.727 ChennaiBusRoutes[5080:80b] Multi-tasking -> Device: YES, App: YES
2014-09-01 13:31:30.735 ChennaiBusRoutes[5080:80b] Unlimited access to network resources
2014-09-01 13:31:30.754 ChennaiBusRoutes[5080:80b] [CDVTimer][keyboard] 0.073016ms
2014-09-01 13:31:30.755 ChennaiBusRoutes[5080:80b] CDVPlugin class CDVStatusBar (pluginName: statusbar) does not exist.
2014-09-01 13:31:30.755 ChennaiBusRoutes[5080:80b] [CDVTimer][statusbar] 0.414014ms
2014-09-01 13:31:30.755 ChennaiBusRoutes[5080:80b] [CDVTimer][TotalPluginStartup] 1.416028ms
2014-09-01 13:31:32.297 ChennaiBusRoutes[5080:80b] Resetting plugins due to page load.
2014-09-01 13:31:32.873 ChennaiBusRoutes[5080:80b] Finished load of: file:///Users/sugan/Library/Application%20Support/iPhone%20Simulator/7.0.3/Applications/32C99EB9-B46B-452A-B789-B83EB5BB5015/ChennaiBusRoutes.app/www/index.html#/app/playlists
2014-09-01 13:36:24.485 ChennaiBusRoutes[5366:80b] Multi-tasking -> Device: YES, App: YES
2014-09-01 13:36:24.492 ChennaiBusRoutes[5366:80b] Unlimited access to network resources
2014-09-01 13:36:24.516 ChennaiBusRoutes[5366:80b] [CDVTimer][keyboard] 0.073969ms
2014-09-01 13:36:24.517 ChennaiBusRoutes[5366:80b] CDVPlugin class CDVStatusBar (pluginName: statusbar) does not exist.
2014-09-01 13:36:24.517 ChennaiBusRoutes[5366:80b] [CDVTimer][statusbar] 0.383019ms
2014-09-01 13:36:24.518 ChennaiBusRoutes[5366:80b] [CDVTimer][TotalPluginStartup] 1.362979ms
2014-09-01 13:36:24.600 ChennaiBusRoutes[5366:80b] Resetting plugins due to page load.
2014-09-01 13:36:24.753 ChennaiBusRoutes[5366:80b] Finished load of: file:///Users/sugan/Library/Application%20Support/iPhone%20Simulator/7.0.3/Applications/32C99EB9-B46B-452A-B789-B83EB5BB5015/ChennaiBusRoutes.app/www/index.html#/app/playlists
2014-09-01 13:38:41.907 ChennaiBusRoutes[5578:80b] Multi-tasking -> Device: YES, App: YES
2014-09-01 13:38:41.914 ChennaiBusRoutes[5578:80b] Unlimited access to network resources
2014-09-01 13:38:41.933 ChennaiBusRoutes[5578:80b] [CDVTimer][keyboard] 0.075996ms
2014-09-01 13:38:41.933 ChennaiBusRoutes[5578:80b] CDVPlugin class CDVStatusBar (pluginName: statusbar) does not exist.
2014-09-01 13:38:41.934 ChennaiBusRoutes[5578:80b] [CDVTimer][statusbar] 0.429988ms
2014-09-01 13:38:41.934 ChennaiBusRoutes[5578:80b] [CDVTimer][TotalPluginStartup] 1.518011ms
2014-09-01 13:38:41.973 ChennaiBusRoutes[5578:80b] Resetting plugins due to page load.
2014-09-01 13:38:42.107 ChennaiBusRoutes[5578:80b] Finished load of: file:///Users/sugan/Library/Application%20Support/iPhone%20Simulator/7.0.3/Applications/32C99EB9-B46B-452A-B789-B83EB5BB5015/ChennaiBusRoutes.app/www/index.html#/app/playlists
2014-09-01 15:31:38.438 ChennaiBusRoutes[6871:80b] Multi-tasking -> Device: YES, App: YES
2014-09-01 15:31:38.455 ChennaiBusRoutes[6871:80b] Unlimited access to network resources
2014-09-01 15:31:38.493 ChennaiBusRoutes[6871:80b] [CDVTimer][keyboard] 0.108004ms
2014-09-01 15:31:38.494 ChennaiBusRoutes[6871:80b] CDVPlugin class CDVStatusBar (pluginName: statusbar) does not exist.
2014-09-01 15:31:38.494 ChennaiBusRoutes[6871:80b] [CDVTimer][statusbar] 0.486970ms
2014-09-01 15:31:38.495 ChennaiBusRoutes[6871:80b] [CDVTimer][TotalPluginStartup] 1.693010ms
2014-09-01 15:31:38.722 ChennaiBusRoutes[6871:80b] Resetting plugins due to page load.
2014-09-01 15:31:38.925 ChennaiBusRoutes[6871:80b] Finished load of: file:///Users/sugan/Library/Application%20Support/iPhone%20Simulator/7.0.3/Applications/32C99EB9-B46B-452A-B789-B83EB5BB5015/ChennaiBusRoutes.app/www/index.html#/app/playlists
2014-09-01 15:34:05.108 ChennaiBusRoutes[7190:80b] Multi-tasking -> Device: YES, App: YES
2014-09-01 15:34:05.116 ChennaiBusRoutes[7190:80b] Unlimited access to network resources
2014-09-01 15:34:05.135 ChennaiBusRoutes[7190:80b] [CDVTimer][keyboard] 0.072956ms
2014-09-01 15:34:05.136 ChennaiBusRoutes[7190:80b] CDVPlugin class CDVStatusBar (pluginName: statusbar) does not exist.
2014-09-01 15:34:05.136 ChennaiBusRoutes[7190:80b] [CDVTimer][statusbar] 0.391006ms
2014-09-01 15:34:05.137 ChennaiBusRoutes[7190:80b] [CDVTimer][TotalPluginStartup] 1.471996ms
2014-09-01 15:34:05.261 ChennaiBusRoutes[7190:80b] Resetting plugins due to page load.
2014-09-01 15:34:05.426 ChennaiBusRoutes[7190:80b] Finished load of: file:///Users/sugan/Library/Application%20Support/iPhone%20Simulator/7.0.3/Applications/32C99EB9-B46B-452A-B789-B83EB5BB5015/ChennaiBusRoutes.app/www/index.html#/app/trip
2014-09-01 15:37:30.089 ChennaiBusRoutes[7436:80b] Multi-tasking -> Device: YES, App: YES
2014-09-01 15:37:30.099 ChennaiBusRoutes[7436:80b] Unlimited access to network resources
2014-09-01 15:37:30.118 ChennaiBusRoutes[7436:80b] [CDVTimer][keyboard] 0.078976ms
2014-09-01 15:37:30.119 ChennaiBusRoutes[7436:80b] CDVPlugin class CDVStatusBar (pluginName: statusbar) does not exist.
2014-09-01 15:37:30.119 ChennaiBusRoutes[7436:80b] [CDVTimer][statusbar] 0.422001ms
2014-09-01 15:37:30.119 ChennaiBusRoutes[7436:80b] [CDVTimer][TotalPluginStartup] 1.447976ms
2014-09-01 15:37:30.160 ChennaiBusRoutes[7436:80b] Resetting plugins due to page load.
2014-09-01 15:37:30.289 ChennaiBusRoutes[7436:80b] Finished load of: file:///Users/sugan/Library/Application%20Support/iPhone%20Simulator/7.0.3/Applications/32C99EB9-B46B-452A-B789-B83EB5BB5015/ChennaiBusRoutes.app/www/index.html#/app/playlists
2014-09-01 15:39:06.778 ChennaiBusRoutes[7681:80b] Multi-tasking -> Device: YES, App: YES
2014-09-01 15:39:06.786 ChennaiBusRoutes[7681:80b] Unlimited access to network resources
2014-09-01 15:39:06.806 ChennaiBusRoutes[7681:80b] [CDVTimer][keyboard] 0.071049ms
2014-09-01 15:39:06.806 ChennaiBusRoutes[7681:80b] CDVPlugin class CDVStatusBar (pluginName: statusbar) does not exist.
2014-09-01 15:39:06.807 ChennaiBusRoutes[7681:80b] [CDVTimer][statusbar] 0.416040ms
2014-09-01 15:39:06.807 ChennaiBusRoutes[7681:80b] [CDVTimer][TotalPluginStartup] 1.376033ms
2014-09-01 15:39:06.846 ChennaiBusRoutes[7681:80b] Resetting plugins due to page load.
2014-09-01 15:39:06.980 ChennaiBusRoutes[7681:80b] Finished load of: file:///Users/sugan/Library/Application%20Support/iPhone%20Simulator/7.0.3/Applications/32C99EB9-B46B-452A-B789-B83EB5BB5015/ChennaiBusRoutes.app/www/index.html#/app/trip
2014-09-01 15:42:01.197 ChennaiBusRoutes[7908:80b] Multi-tasking -> Device: YES, App: YES
2014-09-01 15:42:01.209 ChennaiBusRoutes[7908:80b] Unlimited access to network resources
2014-09-01 15:42:01.243 ChennaiBusRoutes[7908:80b] [CDVTimer][keyboard] 0.081003ms
2014-09-01 15:42:01.244 ChennaiBusRoutes[7908:80b] CDVPlugin class CDVStatusBar (pluginName: statusbar) does not exist.
2014-09-01 15:42:01.244 ChennaiBusRoutes[7908:80b] [CDVTimer][statusbar] 0.455976ms
2014-09-01 15:42:01.245 ChennaiBusRoutes[7908:80b] [CDVTimer][TotalPluginStartup] 1.581013ms
2014-09-01 15:42:01.607 ChennaiBusRoutes[7908:80b] Resetting plugins due to page load.
2014-09-01 15:42:01.778 ChennaiBusRoutes[7908:80b] Finished load of: file:///Users/sugan/Library/Application%20Support/iPhone%20Simulator/7.0.3/Applications/32C99EB9-B46B-452A-B789-B83EB5BB5015/ChennaiBusRoutes.app/www/index.html#/app/trip
2014-09-01 16:15:16.010 ChennaiBusRoutes[8294:80b] Multi-tasking -> Device: YES, App: YES
2014-09-01 16:15:16.022 ChennaiBusRoutes[8294:80b] Unlimited access to network resources
2014-09-01 16:15:16.056 ChennaiBusRoutes[8294:80b] [CDVTimer][keyboard] 0.069022ms
2014-09-01 16:15:16.056 ChennaiBusRoutes[8294:80b] CDVPlugin class CDVStatusBar (pluginName: statusbar) does not exist.
2014-09-01 16:15:16.056 ChennaiBusRoutes[8294:80b] [CDVTimer][statusbar] 0.398040ms
2014-09-01 16:15:16.057 ChennaiBusRoutes[8294:80b] [CDVTimer][TotalPluginStartup] 1.380980ms
2014-09-01 16:15:16.601 ChennaiBusRoutes[8294:80b] Resetting plugins due to page load.
2014-09-01 16:15:16.806 ChennaiBusRoutes[8294:80b] Finished load of: file:///Users/sugan/Library/Application%20Support/iPhone%20Simulator/7.0.3/Applications/32C99EB9-B46B-452A-B789-B83EB5BB5015/ChennaiBusRoutes.app/www/index.html#/app/trip
2014-09-01 16:26:15.891 ChennaiBusRoutes[8684:80b] Multi-tasking -> Device: YES, App: YES
2014-09-01 16:26:15.919 ChennaiBusRoutes[8684:80b] Unlimited access to network resources
2014-09-01 16:26:15.957 ChennaiBusRoutes[8684:80b] [CDVTimer][keyboard] 0.114977ms
2014-09-01 16:26:15.958 ChennaiBusRoutes[8684:80b] CDVPlugin class CDVStatusBar (pluginName: statusbar) does not exist.
2014-09-01 16:26:15.958 ChennaiBusRoutes[8684:80b] [CDVTimer][statusbar] 0.764012ms
2014-09-01 16:26:15.959 ChennaiBusRoutes[8684:80b] [CDVTimer][TotalPluginStartup] 2.333999ms
2014-09-01 16:26:16.685 ChennaiBusRoutes[8684:80b] Resetting plugins due to page load.
2014-09-01 16:26:16.867 ChennaiBusRoutes[8684:80b] Finished load of: file:///Users/sugan/Library/Application%20Support/iPhone%20Simulator/7.0.3/Applications/32C99EB9-B46B-452A-B789-B83EB5BB5015/ChennaiBusRoutes.app/www/index.html#/app/trip
2014-09-01 16:32:28.555 ChennaiBusRoutes[8984:80b] Multi-tasking -> Device: YES, App: YES
2014-09-01 16:32:28.562 ChennaiBusRoutes[8984:80b] Unlimited access to network resources
2014-09-01 16:32:28.584 ChennaiBusRoutes[8984:80b] [CDVTimer][keyboard] 0.073969ms
2014-09-01 16:32:28.585 ChennaiBusRoutes[8984:80b] CDVPlugin class CDVStatusBar (pluginName: statusbar) does not exist.
2014-09-01 16:32:28.585 ChennaiBusRoutes[8984:80b] [CDVTimer][statusbar] 0.415027ms
2014-09-01 16:32:28.586 ChennaiBusRoutes[8984:80b] [CDVTimer][TotalPluginStartup] 1.455009ms
2014-09-01 16:32:28.625 ChennaiBusRoutes[8984:80b] Resetting plugins due to page load.
2014-09-01 16:32:28.753 ChennaiBusRoutes[8984:80b] Finished load of: file:///Users/sugan/Library/Application%20Support/iPhone%20Simulator/7.0.3/Applications/32C99EB9-B46B-452A-B789-B83EB5BB5015/ChennaiBusRoutes.app/www/index.html#/app/trip
2014-09-01 16:33:21.085 ChennaiBusRoutes[9177:80b] Multi-tasking -> Device: YES, App: YES
2014-09-01 16:33:21.092 ChennaiBusRoutes[9177:80b] Unlimited access to network resources
2014-09-01 16:33:21.116 ChennaiBusRoutes[9177:80b] [CDVTimer][keyboard] 0.113010ms
2014-09-01 16:33:21.116 ChennaiBusRoutes[9177:80b] CDVPlugin class CDVStatusBar (pluginName: statusbar) does not exist.
2014-09-01 16:33:21.117 ChennaiBusRoutes[9177:80b] [CDVTimer][statusbar] 0.504017ms
2014-09-01 16:33:21.117 ChennaiBusRoutes[9177:80b] [CDVTimer][TotalPluginStartup] 1.778007ms
2014-09-01 16:33:21.166 ChennaiBusRoutes[9177:80b] Resetting plugins due to page load.
2014-09-01 16:33:21.324 ChennaiBusRoutes[9177:80b] Finished load of: file:///Users/sugan/Library/Application%20Support/iPhone%20Simulator/7.0.3/Applications/32C99EB9-B46B-452A-B789-B83EB5BB5015/ChennaiBusRoutes.app/www/index.html#/app/trip
2014-09-01 16:33:59.208 ChennaiBusRoutes[9368:80b] Multi-tasking -> Device: YES, App: YES
2014-09-01 16:33:59.214 ChennaiBusRoutes[9368:80b] Unlimited access to network resources
2014-09-01 16:33:59.233 ChennaiBusRoutes[9368:80b] [CDVTimer][keyboard] 0.080049ms
2014-09-01 16:33:59.234 ChennaiBusRoutes[9368:80b] CDVPlugin class CDVStatusBar (pluginName: statusbar) does not exist.
2014-09-01 16:33:59.234 ChennaiBusRoutes[9368:80b] [CDVTimer][statusbar] 0.406981ms
2014-09-01 16:33:59.234 ChennaiBusRoutes[9368:80b] [CDVTimer][TotalPluginStartup] 1.381993ms
2014-09-01 16:33:59.276 ChennaiBusRoutes[9368:80b] Resetting plugins due to page load.
2014-09-01 16:33:59.406 ChennaiBusRoutes[9368:80b] Finished load of: file:///Users/sugan/Library/Application%20Support/iPhone%20Simulator/7.0.3/Applications/32C99EB9-B46B-452A-B789-B83EB5BB5015/ChennaiBusRoutes.app/www/index.html#/app/trip
2014-09-01 16:35:31.522 ChennaiBusRoutes[9591:80b] Multi-tasking -> Device: YES, App: YES
2014-09-01 16:35:31.536 ChennaiBusRoutes[9591:80b] Unlimited access to network resources
2014-09-01 16:35:31.555 ChennaiBusRoutes[9591:80b] [CDVTimer][keyboard] 0.074983ms
2014-09-01 16:35:31.556 ChennaiBusRoutes[9591:80b] CDVPlugin class CDVStatusBar (pluginName: statusbar) does not exist.
2014-09-01 16:35:31.556 ChennaiBusRoutes[9591:80b] [CDVTimer][statusbar] 0.413954ms
2014-09-01 16:35:31.557 ChennaiBusRoutes[9591:80b] [CDVTimer][TotalPluginStartup] 1.376987ms
2014-09-01 16:35:31.796 ChennaiBusRoutes[9591:80b] Resetting plugins due to page load.
2014-09-01 16:35:31.958 ChennaiBusRoutes[9591:80b] Finished load of: file:///Users/sugan/Library/Application%20Support/iPhone%20Simulator/7.0.3/Applications/32C99EB9-B46B-452A-B789-B83EB5BB5015/ChennaiBusRoutes.app/www/index.html#/app/trip
2014-09-01 17:05:52.407 ChennaiBusRoutes[10210:80b] Multi-tasking -> Device: YES, App: YES
2014-09-01 17:05:52.423 ChennaiBusRoutes[10210:80b] Unlimited access to network resources
2014-09-01 17:05:52.458 ChennaiBusRoutes[10210:80b] [CDVTimer][keyboard] 0.074983ms
2014-09-01 17:05:52.458 ChennaiBusRoutes[10210:80b] CDVPlugin class CDVStatusBar (pluginName: statusbar) does not exist.
2014-09-01 17:05:52.458 ChennaiBusRoutes[10210:80b] [CDVTimer][statusbar] 0.424027ms
2014-09-01 17:05:52.459 ChennaiBusRoutes[10210:80b] [CDVTimer][TotalPluginStartup] 1.380980ms
2014-09-01 17:05:53.188 ChennaiBusRoutes[10210:80b] Resetting plugins due to page load.
2014-09-01 17:05:53.389 ChennaiBusRoutes[10210:80b] Finished load of: file:///Users/sugan/Library/Application%20Support/iPhone%20Simulator/7.0.3/Applications/32C99EB9-B46B-452A-B789-B83EB5BB5015/ChennaiBusRoutes.app/www/index.html#/app/trip
2014-09-01 17:06:58.078 ChennaiBusRoutes[10440:80b] Multi-tasking -> Device: YES, App: YES
2014-09-01 17:06:58.085 ChennaiBusRoutes[10440:80b] Unlimited access to network resources
2014-09-01 17:06:58.103 ChennaiBusRoutes[10440:80b] [CDVTimer][keyboard] 0.070989ms
2014-09-01 17:06:58.104 ChennaiBusRoutes[10440:80b] CDVPlugin class CDVStatusBar (pluginName: statusbar) does not exist.
2014-09-01 17:06:58.104 ChennaiBusRoutes[10440:80b] [CDVTimer][statusbar] 0.374019ms
2014-09-01 17:06:58.105 ChennaiBusRoutes[10440:80b] [CDVTimer][TotalPluginStartup] 1.370966ms
2014-09-01 17:06:58.144 ChennaiBusRoutes[10440:80b] Resetting plugins due to page load.
2014-09-01 17:06:58.277 ChennaiBusRoutes[10440:80b] Finished load of: file:///Users/sugan/Library/Application%20Support/iPhone%20Simulator/7.0.3/Applications/32C99EB9-B46B-452A-B789-B83EB5BB5015/ChennaiBusRoutes.app/www/index.html#/app/trip
2014-09-01 17:09:01.162 ChennaiBusRoutes[10800:80b] Multi-tasking -> Device: YES, App: YES
2014-09-01 17:09:01.170 ChennaiBusRoutes[10800:80b] Unlimited access to network resources
2014-09-01 17:09:01.191 ChennaiBusRoutes[10800:80b] [CDVTimer][keyboard] 0.072002ms
2014-09-01 17:09:01.191 ChennaiBusRoutes[10800:80b] CDVPlugin class CDVStatusBar (pluginName: statusbar) does not exist.
2014-09-01 17:09:01.192 ChennaiBusRoutes[10800:80b] [CDVTimer][statusbar] 0.413001ms
2014-09-01 17:09:01.192 ChennaiBusRoutes[10800:80b] [CDVTimer][TotalPluginStartup] 1.443028ms
2014-09-01 17:09:01.232 ChennaiBusRoutes[10800:80b] Resetting plugins due to page load.
2014-09-01 17:09:01.372 ChennaiBusRoutes[10800:80b] Finished load of: file:///Users/sugan/Library/Application%20Support/iPhone%20Simulator/7.0.3/Applications/32C99EB9-B46B-452A-B789-B83EB5BB5015/ChennaiBusRoutes.app/www/index.html#/app/trip
2014-09-01 17:13:01.559 ChennaiBusRoutes[11117:80b] Multi-tasking -> Device: YES, App: YES
2014-09-01 17:13:01.566 ChennaiBusRoutes[11117:80b] Unlimited access to network resources
2014-09-01 17:13:01.586 ChennaiBusRoutes[11117:80b] [CDVTimer][keyboard] 0.075996ms
2014-09-01 17:13:01.586 ChennaiBusRoutes[11117:80b] CDVPlugin class CDVStatusBar (pluginName: statusbar) does not exist.
2014-09-01 17:13:01.587 ChennaiBusRoutes[11117:80b] [CDVTimer][statusbar] 0.404000ms
2014-09-01 17:13:01.587 ChennaiBusRoutes[11117:80b] [CDVTimer][TotalPluginStartup] 1.441002ms
2014-09-01 17:13:01.629 ChennaiBusRoutes[11117:80b] Resetting plugins due to page load.
2014-09-01 17:13:01.757 ChennaiBusRoutes[11117:80b] Finished load of: file:///Users/sugan/Library/Application%20Support/iPhone%20Simulator/7.0.3/Applications/32C99EB9-B46B-452A-B789-B83EB5BB5015/ChennaiBusRoutes.app/www/index.html#/app/trip
2014-09-01 17:14:38.222 ChennaiBusRoutes[11333:80b] Multi-tasking -> Device: YES, App: YES
2014-09-01 17:14:38.229 ChennaiBusRoutes[11333:80b] Unlimited access to network resources
2014-09-01 17:14:38.248 ChennaiBusRoutes[11333:80b] [CDVTimer][keyboard] 0.070989ms
2014-09-01 17:14:38.249 ChennaiBusRoutes[11333:80b] CDVPlugin class CDVStatusBar (pluginName: statusbar) does not exist.
2014-09-01 17:14:38.249 ChennaiBusRoutes[11333:80b] [CDVTimer][statusbar] 0.446022ms
2014-09-01 17:14:38.249 ChennaiBusRoutes[11333:80b] [CDVTimer][TotalPluginStartup] 1.423955ms
2014-09-01 17:14:38.290 ChennaiBusRoutes[11333:80b] Resetting plugins due to page load.
2014-09-01 17:14:38.436 ChennaiBusRoutes[11333:80b] Finished load of: file:///Users/sugan/Library/Application%20Support/iPhone%20Simulator/7.0.3/Applications/32C99EB9-B46B-452A-B789-B83EB5BB5015/ChennaiBusRoutes.app/www/index.html#/app/trip
2014-09-01 17:16:59.095 ChennaiBusRoutes[11582:80b] Multi-tasking -> Device: YES, App: YES
2014-09-01 17:16:59.102 ChennaiBusRoutes[11582:80b] Unlimited access to network resources
2014-09-01 17:16:59.120 ChennaiBusRoutes[11582:80b] [CDVTimer][keyboard] 0.075996ms
2014-09-01 17:16:59.120 ChennaiBusRoutes[11582:80b] CDVPlugin class CDVStatusBar (pluginName: statusbar) does not exist.
2014-09-01 17:16:59.121 ChennaiBusRoutes[11582:80b] [CDVTimer][statusbar] 0.407994ms
2014-09-01 17:16:59.121 ChennaiBusRoutes[11582:80b] [CDVTimer][TotalPluginStartup] 1.536012ms
2014-09-01 17:16:59.163 ChennaiBusRoutes[11582:80b] Resetting plugins due to page load.
2014-09-01 17:16:59.292 ChennaiBusRoutes[11582:80b] Finished load of: file:///Users/sugan/Library/Application%20Support/iPhone%20Simulator/7.0.3/Applications/32C99EB9-B46B-452A-B789-B83EB5BB5015/ChennaiBusRoutes.app/www/index.html#/app/trip
2014-09-01 17:20:57.966 ChennaiBusRoutes[11817:80b] Multi-tasking -> Device: YES, App: YES
2014-09-01 17:20:57.974 ChennaiBusRoutes[11817:80b] Unlimited access to network resources
2014-09-01 17:20:57.995 ChennaiBusRoutes[11817:80b] [CDVTimer][keyboard] 0.074029ms
2014-09-01 17:20:57.995 ChennaiBusRoutes[11817:80b] CDVPlugin class CDVStatusBar (pluginName: statusbar) does not exist.
2014-09-01 17:20:57.996 ChennaiBusRoutes[11817:80b] [CDVTimer][statusbar] 0.395000ms
2014-09-01 17:20:57.996 ChennaiBusRoutes[11817:80b] [CDVTimer][TotalPluginStartup] 1.395047ms
2014-09-01 17:20:58.047 ChennaiBusRoutes[11817:80b] Resetting plugins due to page load.
2014-09-01 17:20:58.180 ChennaiBusRoutes[11817:80b] Finished load of: file:///Users/sugan/Library/Application%20Support/iPhone%20Simulator/7.0.3/Applications/32C99EB9-B46B-452A-B789-B83EB5BB5015/ChennaiBusRoutes.app/www/index.html#/app/trip
2014-09-01 17:22:07.902 ChennaiBusRoutes[12048:80b] Multi-tasking -> Device: YES, App: YES
2014-09-01 17:22:07.909 ChennaiBusRoutes[12048:80b] Unlimited access to network resources
2014-09-01 17:22:07.927 ChennaiBusRoutes[12048:80b] [CDVTimer][keyboard] 0.075996ms
2014-09-01 17:22:07.928 ChennaiBusRoutes[12048:80b] CDVPlugin class CDVStatusBar (pluginName: statusbar) does not exist.
2014-09-01 17:22:07.928 ChennaiBusRoutes[12048:80b] [CDVTimer][statusbar] 0.405967ms
2014-09-01 17:22:07.928 ChennaiBusRoutes[12048:80b] [CDVTimer][TotalPluginStartup] 1.363039ms
2014-09-01 17:22:07.967 ChennaiBusRoutes[12048:80b] Resetting plugins due to page load.
2014-09-01 17:22:08.098 ChennaiBusRoutes[12048:80b] Finished load of: file:///Users/sugan/Library/Application%20Support/iPhone%20Simulator/7.0.3/Applications/32C99EB9-B46B-452A-B789-B83EB5BB5015/ChennaiBusRoutes.app/www/index.html#/app/trip
2014-09-01 17:23:13.096 ChennaiBusRoutes[12247:80b] Multi-tasking -> Device: YES, App: YES
2014-09-01 17:23:13.103 ChennaiBusRoutes[12247:80b] Unlimited access to network resources
2014-09-01 17:23:13.122 ChennaiBusRoutes[12247:80b] [CDVTimer][keyboard] 0.073969ms
2014-09-01 17:23:13.123 ChennaiBusRoutes[12247:80b] CDVPlugin class CDVStatusBar (pluginName: statusbar) does not exist.
2014-09-01 17:23:13.123 ChennaiBusRoutes[12247:80b] [CDVTimer][statusbar] 0.397027ms
2014-09-01 17:23:13.124 ChennaiBusRoutes[12247:80b] [CDVTimer][TotalPluginStartup] 1.411974ms
2014-09-01 17:23:13.170 ChennaiBusRoutes[12247:80b] Resetting plugins due to page load.
2014-09-01 17:23:13.327 ChennaiBusRoutes[12247:80b] Finished load of: file:///Users/sugan/Library/Application%20Support/iPhone%20Simulator/7.0.3/Applications/32C99EB9-B46B-452A-B789-B83EB5BB5015/ChennaiBusRoutes.app/www/index.html#/app/trip
2014-09-01 17:24:31.726 ChennaiBusRoutes[12528:80b] Multi-tasking -> Device: YES, App: YES
2014-09-01 17:24:31.733 ChennaiBusRoutes[12528:80b] Unlimited access to network resources
2014-09-01 17:24:31.751 ChennaiBusRoutes[12528:80b] [CDVTimer][keyboard] 0.074983ms
2014-09-01 17:24:31.752 ChennaiBusRoutes[12528:80b] CDVPlugin class CDVStatusBar (pluginName: statusbar) does not exist.
2014-09-01 17:24:31.752 ChennaiBusRoutes[12528:80b] [CDVTimer][statusbar] 0.376999ms
2014-09-01 17:24:31.753 ChennaiBusRoutes[12528:80b] [CDVTimer][TotalPluginStartup] 1.361012ms
2014-09-01 17:24:31.792 ChennaiBusRoutes[12528:80b] Resetting plugins due to page load.
2014-09-01 17:24:31.922 ChennaiBusRoutes[12528:80b] Finished load of: file:///Users/sugan/Library/Application%20Support/iPhone%20Simulator/7.0.3/Applications/32C99EB9-B46B-452A-B789-B83EB5BB5015/ChennaiBusRoutes.app/www/index.html#/app/trip
2014-09-01 17:28:02.768 ChennaiBusRoutes[12808:80b] Multi-tasking -> Device: YES, App: YES
2014-09-01 17:28:02.777 ChennaiBusRoutes[12808:80b] Unlimited access to network resources
2014-09-01 17:28:02.797 ChennaiBusRoutes[12808:80b] [CDVTimer][keyboard] 0.074029ms
2014-09-01 17:28:02.797 ChennaiBusRoutes[12808:80b] CDVPlugin class CDVStatusBar (pluginName: statusbar) does not exist.
2014-09-01 17:28:02.798 ChennaiBusRoutes[12808:80b] [CDVTimer][statusbar] 0.415027ms
2014-09-01 17:28:02.798 ChennaiBusRoutes[12808:80b] [CDVTimer][TotalPluginStartup] 1.439035ms
2014-09-01 17:28:02.838 ChennaiBusRoutes[12808:80b] Resetting plugins due to page load.
2014-09-01 17:28:02.971 ChennaiBusRoutes[12808:80b] Finished load of: file:///Users/sugan/Library/Application%20Support/iPhone%20Simulator/7.0.3/Applications/32C99EB9-B46B-452A-B789-B83EB5BB5015/ChennaiBusRoutes.app/www/index.html#/app/trip
2014-09-01 17:28:56.466 ChennaiBusRoutes[13006:80b] Multi-tasking -> Device: YES, App: YES
2014-09-01 17:28:56.477 ChennaiBusRoutes[13006:80b] Unlimited access to network resources
2014-09-01 17:28:56.501 ChennaiBusRoutes[13006:80b] [CDVTimer][keyboard] 0.072002ms
2014-09-01 17:28:56.501 ChennaiBusRoutes[13006:80b] CDVPlugin class CDVStatusBar (pluginName: statusbar) does not exist.
2014-09-01 17:28:56.502 ChennaiBusRoutes[13006:80b] [CDVTimer][statusbar] 0.444949ms
2014-09-01 17:28:56.502 ChennaiBusRoutes[13006:80b] [CDVTimer][TotalPluginStartup] 1.507998ms
2014-09-01 17:28:56.720 ChennaiBusRoutes[13006:80b] Resetting plugins due to page load.
2014-09-01 17:28:56.906 ChennaiBusRoutes[13006:80b] Finished load of: file:///Users/sugan/Library/Application%20Support/iPhone%20Simulator/7.0.3/Applications/32C99EB9-B46B-452A-B789-B83EB5BB5015/ChennaiBusRoutes.app/www/index.html#/app/trip
2014-09-01 17:30:05.645 ChennaiBusRoutes[13212:80b] Multi-tasking -> Device: YES, App: YES
2014-09-01 17:30:05.997 ChennaiBusRoutes[13212:80b] Unlimited access to network resources
2014-09-01 17:30:06.019 ChennaiBusRoutes[13212:80b] [CDVTimer][keyboard] 0.072002ms
2014-09-01 17:30:06.019 ChennaiBusRoutes[13212:80b] CDVPlugin class CDVStatusBar (pluginName: statusbar) does not exist.
2014-09-01 17:30:06.020 ChennaiBusRoutes[13212:80b] [CDVTimer][statusbar] 0.391006ms
2014-09-01 17:30:06.020 ChennaiBusRoutes[13212:80b] [CDVTimer][TotalPluginStartup] 1.370966ms
2014-09-01 17:30:06.060 ChennaiBusRoutes[13212:80b] Resetting plugins due to page load.
2014-09-01 17:30:06.195 ChennaiBusRoutes[13212:80b] Finished load of: file:///Users/sugan/Library/Application%20Support/iPhone%20Simulator/7.0.3/Applications/32C99EB9-B46B-452A-B789-B83EB5BB5015/ChennaiBusRoutes.app/www/index.html#/app/trip
2014-09-01 17:31:33.221 ChennaiBusRoutes[13452:80b] Multi-tasking -> Device: YES, App: YES
2014-09-01 17:31:33.231 ChennaiBusRoutes[13452:80b] Unlimited access to network resources
2014-09-01 17:31:33.256 ChennaiBusRoutes[13452:80b] [CDVTimer][keyboard] 0.120997ms
2014-09-01 17:31:33.257 ChennaiBusRoutes[13452:80b] CDVPlugin class CDVStatusBar (pluginName: statusbar) does not exist.
2014-09-01 17:31:33.258 ChennaiBusRoutes[13452:80b] [CDVTimer][statusbar] 0.497997ms
2014-09-01 17:31:33.258 ChennaiBusRoutes[13452:80b] [CDVTimer][TotalPluginStartup] 1.742005ms
2014-09-01 17:31:33.315 ChennaiBusRoutes[13452:80b] Resetting plugins due to page load.
2014-09-01 17:31:33.485 ChennaiBusRoutes[13452:80b] Finished load of: file:///Users/sugan/Library/Application%20Support/iPhone%20Simulator/7.0.3/Applications/32C99EB9-B46B-452A-B789-B83EB5BB5015/ChennaiBusRoutes.app/www/index.html#/app/trip
2014-09-01 17:33:27.189 ChennaiBusRoutes[13679:80b] Multi-tasking -> Device: YES, App: YES
2014-09-01 17:33:27.200 ChennaiBusRoutes[13679:80b] Unlimited access to network resources
2014-09-01 17:33:27.226 ChennaiBusRoutes[13679:80b] [CDVTimer][keyboard] 0.118971ms
2014-09-01 17:33:27.227 ChennaiBusRoutes[13679:80b] CDVPlugin class CDVStatusBar (pluginName: statusbar) does not exist.
2014-09-01 17:33:27.227 ChennaiBusRoutes[13679:80b] [CDVTimer][statusbar] 0.476956ms
2014-09-01 17:33:27.228 ChennaiBusRoutes[13679:80b] [CDVTimer][TotalPluginStartup] 1.698017ms
2014-09-01 17:33:27.280 ChennaiBusRoutes[13679:80b] Resetting plugins due to page load.
2014-09-01 17:33:27.447 ChennaiBusRoutes[13679:80b] Finished load of: file:///Users/sugan/Library/Application%20Support/iPhone%20Simulator/7.0.3/Applications/32C99EB9-B46B-452A-B789-B83EB5BB5015/ChennaiBusRoutes.app/www/index.html#/app/trip
2014-09-01 17:33:59.245 ChennaiBusRoutes[13878:80b] Multi-tasking -> Device: YES, App: YES
2014-09-01 17:33:59.252 ChennaiBusRoutes[13878:80b] Unlimited access to network resources
2014-09-01 17:33:59.271 ChennaiBusRoutes[13878:80b] [CDVTimer][keyboard] 0.077963ms
2014-09-01 17:33:59.272 ChennaiBusRoutes[13878:80b] CDVPlugin class CDVStatusBar (pluginName: statusbar) does not exist.
2014-09-01 17:33:59.272 ChennaiBusRoutes[13878:80b] [CDVTimer][statusbar] 0.409961ms
2014-09-01 17:33:59.273 ChennaiBusRoutes[13878:80b] [CDVTimer][TotalPluginStartup] 1.367033ms
2014-09-01 17:33:59.311 ChennaiBusRoutes[13878:80b] Resetting plugins due to page load.
2014-09-01 17:33:59.490 ChennaiBusRoutes[13878:80b] Finished load of: file:///Users/sugan/Library/Application%20Support/iPhone%20Simulator/7.0.3/Applications/32C99EB9-B46B-452A-B789-B83EB5BB5015/ChennaiBusRoutes.app/www/index.html#/app/trip
2014-09-01 17:35:31.743 ChennaiBusRoutes[14105:80b] Multi-tasking -> Device: YES, App: YES
2014-09-01 17:35:31.750 ChennaiBusRoutes[14105:80b] Unlimited access to network resources
2014-09-01 17:35:31.771 ChennaiBusRoutes[14105:80b] [CDVTimer][keyboard] 0.074983ms
2014-09-01 17:35:31.772 ChennaiBusRoutes[14105:80b] CDVPlugin class CDVStatusBar (pluginName: statusbar) does not exist.
2014-09-01 17:35:31.772 ChennaiBusRoutes[14105:80b] [CDVTimer][statusbar] 0.392020ms
2014-09-01 17:35:31.772 ChennaiBusRoutes[14105:80b] [CDVTimer][TotalPluginStartup] 1.440048ms
2014-09-01 17:35:31.814 ChennaiBusRoutes[14105:80b] Resetting plugins due to page load.
2014-09-01 17:35:31.944 ChennaiBusRoutes[14105:80b] Finished load of: file:///Users/sugan/Library/Application%20Support/iPhone%20Simulator/7.0.3/Applications/32C99EB9-B46B-452A-B789-B83EB5BB5015/ChennaiBusRoutes.app/www/index.html#/app/trip
2014-09-01 17:40:28.951 ChennaiBusRoutes[14352:80b] Multi-tasking -> Device: YES, App: YES
2014-09-01 17:40:28.961 ChennaiBusRoutes[14352:80b] Unlimited access to network resources
2014-09-01 17:40:28.990 ChennaiBusRoutes[14352:80b] [CDVTimer][keyboard] 0.100970ms
2014-09-01 17:40:28.990 ChennaiBusRoutes[14352:80b] CDVPlugin class CDVStatusBar (pluginName: statusbar) does not exist.
2014-09-01 17:40:28.991 ChennaiBusRoutes[14352:80b] [CDVTimer][statusbar] 0.474036ms
2014-09-01 17:40:28.991 ChennaiBusRoutes[14352:80b] [CDVTimer][TotalPluginStartup] 1.738012ms
2014-09-01 17:40:29.048 ChennaiBusRoutes[14352:80b] Resetting plugins due to page load.
2014-09-01 17:40:29.212 ChennaiBusRoutes[14352:80b] Finished load of: file:///Users/sugan/Library/Application%20Support/iPhone%20Simulator/7.0.3/Applications/32C99EB9-B46B-452A-B789-B83EB5BB5015/ChennaiBusRoutes.app/www/index.html#/app/trip
2014-09-01 17:47:15.863 ChennaiBusRoutes[14644:80b] Multi-tasking -> Device: YES, App: YES
2014-09-01 17:47:15.879 ChennaiBusRoutes[14644:80b] Unlimited access to network resources
2014-09-01 17:47:15.913 ChennaiBusRoutes[14644:80b] [CDVTimer][keyboard] 0.074029ms
2014-09-01 17:47:15.913 ChennaiBusRoutes[14644:80b] CDVPlugin class CDVStatusBar (pluginName: statusbar) does not exist.
2014-09-01 17:47:15.914 ChennaiBusRoutes[14644:80b] [CDVTimer][statusbar] 0.415981ms
2014-09-01 17:47:15.914 ChennaiBusRoutes[14644:80b] [CDVTimer][TotalPluginStartup] 1.376987ms
2014-09-01 17:47:16.307 ChennaiBusRoutes[14644:80b] Resetting plugins due to page load.
2014-09-01 17:47:16.547 ChennaiBusRoutes[14644:80b] Finished load of: file:///Users/sugan/Library/Application%20Support/iPhone%20Simulator/7.0.3/Applications/32C99EB9-B46B-452A-B789-B83EB5BB5015/ChennaiBusRoutes.app/www/index.html#/app/trip
2014-09-01 17:47:52.495 ChennaiBusRoutes[14835:80b] Multi-tasking -> Device: YES, App: YES
2014-09-01 17:47:52.520 ChennaiBusRoutes[14835:80b] Unlimited access to network resources
2014-09-01 17:47:52.569 ChennaiBusRoutes[14835:80b] [CDVTimer][keyboard] 0.070989ms
2014-09-01 17:47:52.569 ChennaiBusRoutes[14835:80b] CDVPlugin class CDVStatusBar (pluginName: statusbar) does not exist.
2014-09-01 17:47:52.570 ChennaiBusRoutes[14835:80b] [CDVTimer][statusbar] 0.422001ms
2014-09-01 17:47:52.570 ChennaiBusRoutes[14835:80b] [CDVTimer][TotalPluginStartup] 1.408994ms
2014-09-01 17:47:53.468 ChennaiBusRoutes[14835:80b] Resetting plugins due to page load.
2014-09-01 17:47:53.697 ChennaiBusRoutes[14835:80b] Finished load of: file:///Users/sugan/Library/Application%20Support/iPhone%20Simulator/7.0.3/Applications/32C99EB9-B46B-452A-B789-B83EB5BB5015/ChennaiBusRoutes.app/www/index.html#/app/trip
2014-09-01 18:55:21.369 ChennaiBusRoutes[15753:80b] Multi-tasking -> Device: YES, App: YES
2014-09-01 18:55:21.386 ChennaiBusRoutes[15753:80b] Unlimited access to network resources
2014-09-01 18:55:21.420 ChennaiBusRoutes[15753:80b] [CDVTimer][keyboard] 0.071049ms
2014-09-01 18:55:21.420 ChennaiBusRoutes[15753:80b] CDVPlugin class CDVStatusBar (pluginName: statusbar) does not exist.
2014-09-01 18:55:21.421 ChennaiBusRoutes[15753:80b] [CDVTimer][statusbar] 0.405014ms
2014-09-01 18:55:21.421 ChennaiBusRoutes[15753:80b] [CDVTimer][TotalPluginStartup] 1.345038ms
2014-09-01 18:55:21.774 ChennaiBusRoutes[15753:80b] Resetting plugins due to page load.
2014-09-01 18:55:22.003 ChennaiBusRoutes[15753:80b] Finished load of: file:///Users/sugan/Library/Application%20Support/iPhone%20Simulator/7.0.3/Applications/32C99EB9-B46B-452A-B789-B83EB5BB5015/ChennaiBusRoutes.app/www/index.html#/app/trip
